<?xml version="1.0" encoding="UTF-8"?>
<!-- Generated by org.testng.reporters.JUnitXMLReporter -->
<testsuite ignored="2" hostname="VENKAVISH-MBP" failures="0" tests="1" name="Command line test" time="21.82" errors="0" timestamp="2021-08-19T16:30:14 PDT">
  <testcase classname="tests.Test1_Successful_Payment_Scenario" name="paymentFlowShouldBeSuccessful" time="18.393"/>
  <testcase classname="tests.BaseTest" name="@AfterTest afterTest" time="0.0">
    <ignored/>
  </testcase> <!-- @AfterTest afterTest -->
  <testcase classname="tests.BaseTest" name="@BeforeTest beforeTest" time="0.0">
    <ignored/>
  </testcase> <!-- @BeforeTest beforeTest -->
</testsuite> <!-- Command line test -->
