<?xml version="1.0" encoding="UTF-8"?>
<testng-results ignored="2" total="3" passed="1" failed="0" skipped="0">
  <reporter-output>
  </reporter-output>
  <suite started-at="2021-08-19T16:29:52 PDT" name="Command line suite" finished-at="2021-08-19T16:30:14 PDT" duration-ms="21820">
    <groups>
    </groups>
    <test started-at="2021-08-19T16:29:52 PDT" name="Command line test" finished-at="2021-08-19T16:30:14 PDT" duration-ms="21820">
      <class name="tests.Test1_Successful_Payment_Scenario">
        <test-method is-config="true" signature="beforeTest()[pri:0, instance:tests.Test1_Successful_Payment_Scenario@6043cd28]" started-at="2021-08-19T16:29:52 PDT" name="beforeTest" finished-at="2021-08-19T16:29:54 PDT" duration-ms="2258" status="PASS">
          <reporter-output>
          </reporter-output>
        </test-method> <!-- beforeTest -->
        <test-method signature="paymentFlowShouldBeSuccessful()[pri:0, instance:tests.Test1_Successful_Payment_Scenario@6043cd28]" started-at="2021-08-19T16:29:54 PDT" name="paymentFlowShouldBeSuccessful" finished-at="2021-08-19T16:30:13 PDT" duration-ms="18393" status="PASS">
          <reporter-output>
          </reporter-output>
        </test-method> <!-- paymentFlowShouldBeSuccessful -->
        <test-method is-config="true" signature="afterTest()[pri:0, instance:tests.Test1_Successful_Payment_Scenario@6043cd28]" started-at="2021-08-19T16:30:13 PDT" name="afterTest" finished-at="2021-08-19T16:30:14 PDT" duration-ms="1153" status="PASS">
          <reporter-output>
          </reporter-output>
        </test-method> <!-- afterTest -->
      </class> <!-- tests.Test1_Successful_Payment_Scenario -->
    </test> <!-- Command line test -->
  </suite> <!-- Command line suite -->
</testng-results>
